<?xml version="1.0" encoding="UTF-8"?>
<!-- Generated by org.testng.reporters.JUnitXMLReporter -->
<testsuite ignored="0" hostname="XPS" failures="0" tests="5" name="Surefire test" time="3.567" errors="0" timestamp="2025-07-30T06:57:19 IST">
  <testcase classname="com.spotify.oauth2.tests.PlaylistTest" name="shouldNotbeAbleCreatePlayListWithExpiredToken" time="2.283"/>
  <testcase classname="com.spotify.oauth2.tests.PlaylistTest" name="shouldNotbeAbletoCreateAPIPlaylistWithOutName" time="3.236"/>
  <testcase classname="com.spotify.oauth2.tests.PlaylistTest" name="shouldAbleToUpdateApiPlayList" time="3.319"/>
  <testcase classname="com.spotify.oauth2.tests.PlaylistTest" name="shouldbeAbleToGetCreatePlaylist" time="3.375"/>
  <testcase classname="com.spotify.oauth2.tests.PlaylistTest" name="testShouldBeAbleToCreateAPIPlayList" time="3.375"/>
</testsuite> <!-- Surefire test -->
