<?xml version="1.0" encoding="UTF-8"?>
<!-- Generated by org.testng.reporters.JUnitXMLReporter -->
<testsuite ignored="0" hostname="XPS" failures="0" tests="5" name="Default test" time="4.837" errors="0" timestamp="2025-07-30T06:56:39 IST">
  <testcase classname="com.spotify.oauth2.tests.PlaylistTest" name="shouldAbleToUpdateApiPlayList" time="3.525"/>
  <testcase classname="com.spotify.oauth2.tests.PlaylistTest" name="shouldNotbeAbleCreatePlayListWithExpiredToken" time="0.221"/>
  <testcase classname="com.spotify.oauth2.tests.PlaylistTest" name="shouldNotbeAbletoCreateAPIPlaylistWithOutName" time="0.24"/>
  <testcase classname="com.spotify.oauth2.tests.PlaylistTest" name="shouldbeAbleToGetCreatePlaylist" time="0.309"/>
  <testcase classname="com.spotify.oauth2.tests.PlaylistTest" name="testShouldBeAbleToCreateAPIPlayList" time="0.325"/>
</testsuite> <!-- Default test -->
