<?xml version="1.0" encoding="UTF-8"?>
<!-- Generated by org.testng.reporters.JUnitXMLReporter -->
<testsuite ignored="4" hostname="XPS" failures="0" tests="1" name="Test" time="3.986" errors="0" timestamp="2025-07-01T12:51:29 IST">
  <testcase classname="com.spotify.oauth2.tests.PlaylistTest" name="testShouldBeAbleToCreateAPIPlayList" time="3.745"/>
  <testcase classname="com.spotify.oauth2.tests.PlaylistTest" name="shouldNotbeAbleCreatePlayListWithExpiredToken" time="0.0">
    <ignored/>
  </testcase> <!-- shouldNotbeAbleCreatePlayListWithExpiredToken -->
  <testcase classname="com.spotify.oauth2.tests.PlaylistTest" name="shouldbeAbleToGetCreatePlaylist" time="0.0">
    <ignored/>
  </testcase> <!-- shouldbeAbleToGetCreatePlaylist -->
  <testcase classname="com.spotify.oauth2.tests.PlaylistTest" name="shouldNotbeAbletoCreateAPIPlaylistWithOutName" time="0.0">
    <ignored/>
  </testcase> <!-- shouldNotbeAbletoCreateAPIPlaylistWithOutName -->
  <testcase classname="com.spotify.oauth2.tests.PlaylistTest" name="shouldAbleToUpdateApiPlayList" time="0.0">
    <ignored/>
  </testcase> <!-- shouldAbleToUpdateApiPlayList -->
</testsuite> <!-- Test -->
