<?xml version="1.0" encoding="UTF-8"?>
<testsuite xmlns:xsi="http://www.w3.org/2001/XMLSchema-instance" xsi:noNamespaceSchemaLocation="https://maven.apache.org/surefire/maven-surefire-plugin/xsd/surefire-test-report-3.0.xsd" version="3.0" name="TestSuite" time="4.538" tests="5" errors="0" skipped="0" failures="0">
  <properties>
[...]
</properties>
  <testcase name="shouldNotbeAbleCreatePlayListWithExpiredToken" classname="com.spotify.oauth2.tests.PlaylistTest" time="2.293">
    <system-out><![CDATA[STARTING TEST: shouldbeAbleToGetCreatePlaylist
STARTING TEST: shouldNotbeAbletoCreateAPIPlaylistWithOutName
STARTING TEST: shouldAbleToUpdateApiPlayList
STARTING TEST: testShouldBeAbleToCreateAPIPlayList
STARTING TEST: shouldNotbeAbleCreatePlayListWithExpiredToken
THREAD ID:22
THREAD ID:25
THREAD ID:23
THREAD ID:24
THREAD ID:26
Renewing the token.....
Request method:	POST
Request URI:	https://accounts.spotify.com/api/token
Proxy:			<none>
Request params:	<none>
Query params:	<none>
Form params:	refresh_token=AQAmqekN-czcqCdnd-Ug8n0b0vNF23dxNAPhT6_PEvR-SSO9sJv6Ql019yelkpEY4X2zy6FI0966BPKKbBrcReJW9BvhNom5QzA6h_4rEiKoy607l8BIF7y04oSFN1wntVI
				grant_type=refresh_token
				client_secret=0060c6db182d496399a5bd87d3627f73
				client_id=9ce469e4ba5948348ad239c2dad1a996
Path params:	<none>
Headers:		Accept=*/*
				Content-Type=application/x-www-form-urlencoded; charset=ISO-8859-1
Cookies:		<none>
Multiparts:		<none>
Body:			<none>
Request method:	POST
Request URI:	https://api.spotify.com/v1/users/jebpmtc7essyoq2mi21mai4yj/playlists
Proxy:			<none>
Request params:	<none>
Query params:	<none>
Form params:	<none>
Path params:	<none>
Headers:		Accept=*/*
				Content-Type=text/plain; charset=ISO-8859-1
Cookies:		<none>
Multiparts:		<none>
Body:
{"description":"Description#_&q&+jL_&8&&u#_9&&&++RK#_86__0T+_7V7#&7_-ahDd+_F+","name":"Playlistx1_0SJ0   _r-c6  Q__","public":false}
HTTP/1.1 401 Unauthorized
www-authenticate: Bearer realm="spotify", error="invalid_token", error_description="Invalid access token"
access-control-allow-origin: *
access-control-allow-headers: Accept, App-Platform, Authorization, Content-Type, Origin, Retry-After, Spotify-App-Version, X-Cloud-Trace-Context, client-token, content-access-token
access-control-allow-methods: GET, POST, OPTIONS, PUT, DELETE, PATCH
access-control-allow-credentials: true
access-control-max-age: 604800
content-type: application/json
content-encoding: gzip
strict-transport-security: max-age=31536000
x-content-type-options: nosniff
alt-svc: h3=":443"; ma=2592000,h3-29=":443"; ma=2592000
date: Wed, 30 Jul 2025 01:27:17 GMT
server: envoy
Via: HTTP/2 edgeproxy, 1.1 google
Alt-Svc: h3=":443"; ma=2592000,h3-29=":443"; ma=2592000
Transfer-Encoding: chunked

{
    "error": {
        "status": 401,
        "message": "Invalid access token"
    }
}
HTTP/1.1 200 OK
date: Wed, 30 Jul 2025 01:27:17 GMT
content-type: application/json
vary: Accept-Encoding
request-id: 3bb4813e-3192-458b-a408-dbcd88570f1b
set-cookie: __Host-device_id=AQCxKmQan3i01KvxS42P2uizBxJo5up0fr6fN8Cnp0VqiEu2vEGXUYJf9MZBXc8Q94Q1xIwBBM3kPAFveZdEqmXa89lhQjHkQ-E;Version=1;Path=/;Max-Age=2147483647;Secure;HttpOnly;SameSite=Lax
set-cookie: sp_tr=false;Version=1;Domain=accounts.spotify.com;Path=/;Secure;SameSite=Lax
sp-trace-id: 1e32ffd46270172b
content-encoding: gzip
x-envoy-upstream-service-time: 20
server: envoy
strict-transport-security: max-age=31536000
x-content-type-options: nosniff
alt-svc: h3=":443"; ma=2592000,h3-29=":443"; ma=2592000
Via: HTTP/2 edgeproxy, 1.1 google
Alt-Svc: h3=":443"; ma=2592000,h3-29=":443"; ma=2592000
Transfer-Encoding: chunked

{
    "access_token": "BQAZqjvOxTGYfK8IJHVuWw9AUp4nYxFb4y4VGgcLx_oDhVKPKfVAF0WeILlOd16ns4GMHRDvu4niNX3BmdkMIK_iwEF0v07NzONhJLaNv5K_xdyH_WkS9G4x_josx4DR1gBKu90dD3g6GywyAiZaMfn86-FE6ZKQc0tznUdHM0YVHtaSX5GElq6XCYxpfjxgUSbfKFOrKMKutrROde55ieos5l4al8yJNmRwMTl-m9vNg4jNWOocceBrFis2DrIk4gTRlnRwNCDUbW3ytfWeqIHAcEtYYanSvUM7RRowD0RsP9vhEabU",
    "token_type": "Bearer",
    "expires_in": 3600,
    "scope": "playlist-read-private playlist-read-collaborative playlist-modify-private playlist-modify-public"
}
]]></system-out>
    <system-err><![CDATA[SLF4J: Failed to load class "org.slf4j.impl.StaticLoggerBinder".
SLF4J: Defaulting to no-operation (NOP) logger implementation
SLF4J: See http://www.slf4j.org/codes.html#StaticLoggerBinder for further details.
]]></system-err>
  </testcase>
  <testcase name="shouldNotbeAbletoCreateAPIPlaylistWithOutName" classname="com.spotify.oauth2.tests.PlaylistTest" time="3.234">
    <system-out><![CDATA[Token is good to use
Token is good to use
Token is good to use
Request method:	GET
Request URI:	https://api.spotify.com/v1/playlists/1yqQkilG1C37BbwhkNb5wk
Proxy:			<none>
Request params:	<none>
Query params:	<none>
Form params:	<none>
Path params:	<none>
Headers:		Accept=*/*
Cookies:		<none>
Multiparts:		<none>
Body:			<none>
Request method:	POST
Request URI:	https://api.spotify.com/v1/users/jebpmtc7essyoq2mi21mai4yj/playlists
Proxy:			<none>
Request params:	<none>
Query params:	<none>
Form params:	<none>
Path params:	<none>
Headers:		Accept=*/*
				Content-Type=text/plain; charset=ISO-8859-1
Cookies:		<none>
Multiparts:		<none>
Body:
{"description":"Description&K#_X+#9fZ#+gS&_.+#_&yD__&&&###Umfa##1#8&_#+&&H+#g","name":"Playlist NQQ--_f0-M2__- 9c3c","public":false}
Request method:	POST
Request URI:	https://api.spotify.com/v1/users/jebpmtc7essyoq2mi21mai4yj/playlists
Proxy:			<none>
Request params:	<none>
Query params:	<none>
Form params:	<none>
Path params:	<none>
Headers:		Accept=*/*
				Content-Type=text/plain; charset=ISO-8859-1
Cookies:		<none>
Multiparts:		<none>
Body:
{"description":"DescriptionHc##_#d9++Y&+_+h++V_&ef+_#_#_#__9#Dy_q+N&_I#t0+#5D","name":"","public":true}
Request method:	PUT
Request URI:	https://api.spotify.com/v1/playlists/1yqQkilG1C37BbwhkNb5wk
Proxy:			<none>
Request params:	<none>
Query params:	<none>
Form params:	<none>
Path params:	<none>
Headers:		Accept=*/*
				Content-Type=text/plain; charset=ISO-8859-1
Cookies:		<none>
Multiparts:		<none>
Body:
{"description":"Description#+__s++E_#_8_+#+_#+##_&u+&_#Y_.9#+8+&5#J++_#Lg#_&#","name":"Playlist_1W  fi J4_m0GGa _,-","public":true}
HTTP/1.1 400 Bad Request
content-type: application/json; charset=utf-8
cache-control: private, max-age=0
access-control-allow-origin: *
access-control-allow-headers: Accept, App-Platform, Authorization, Content-Type, Origin, Retry-After, Spotify-App-Version, X-Cloud-Trace-Context, client-token, content-access-token
access-control-allow-methods: GET, POST, OPTIONS, PUT, DELETE, PATCH
access-control-allow-credentials: true
access-control-max-age: 604800
content-encoding: gzip
strict-transport-security: max-age=31536000
x-content-type-options: nosniff
alt-svc: h3=":443"; ma=2592000,h3-29=":443"; ma=2592000
date: Wed, 30 Jul 2025 01:27:18 GMT
server: envoy
Via: HTTP/2 edgeproxy, 1.1 google
Alt-Svc: h3=":443"; ma=2592000,h3-29=":443"; ma=2592000
Transfer-Encoding: chunked

{
    "error": {
        "status": 400,
        "message": "Missing required field: name"
    }
}
]]></system-out>
  </testcase>
  <testcase name="shouldAbleToUpdateApiPlayList" classname="com.spotify.oauth2.tests.PlaylistTest" time="3.319">
    <system-out><![CDATA[HTTP/1.1 200 OK
content-type: application/json; charset=utf-8
cache-control: public, max-age=0
etag: "MC-IjRlNzViNmE4ZjZiNzc1NzJkY2ViNzAzYWE4M2MzMTNkIg=="
x-robots-tag: noindex, nofollow
access-control-allow-origin: *
access-control-allow-headers: Accept, App-Platform, Authorization, Content-Type, Origin, Retry-After, Spotify-App-Version, X-Cloud-Trace-Context, client-token, content-access-token
access-control-allow-methods: GET, POST, OPTIONS, PUT, DELETE, PATCH
access-control-allow-credentials: true
access-control-max-age: 604800
content-encoding: gzip
strict-transport-security: max-age=31536000
x-content-type-options: nosniff
alt-svc: h3=":443"; ma=2592000,h3-29=":443"; ma=2592000
date: Wed, 30 Jul 2025 01:27:18 GMT
server: envoy
Via: HTTP/2 edgeproxy, 1.1 google
Alt-Svc: h3=":443"; ma=2592000,h3-29=":443"; ma=2592000
Transfer-Encoding: chunked

{
    "collaborative": false,
    "description": "Descriptionkl_#&amp;L&#x2F;S7#B+C&amp;a#&amp;c7C5&amp;_#&amp;P&amp;bjPU&amp;+__+_+#23&#x2F;+C&amp;+#_+#",
    "external_urls": {
        "spotify": "https://open.spotify.com/playlist/1yqQkilG1C37BbwhkNb5wk"
    },
    "followers": {
        "href": null,
        "total": 0
    },
    "href": "https://api.spotify.com/v1/playlists/1yqQkilG1C37BbwhkNb5wk",
    "id": "1yqQkilG1C37BbwhkNb5wk",
    "images": null,
    "name": "Playlist_, Hm-EAH-,E7B,M89Z,",
    "owner": {
        "display_name": "Mohit",
        "external_urls": {
            "spotify": "https://open.spotify.com/user/jebpmtc7essyoq2mi21mai4yj"
        },
        "href": "https://api.spotify.com/v1/users/jebpmtc7essyoq2mi21mai4yj",
        "id": "jebpmtc7essyoq2mi21mai4yj",
        "type": "user",
        "uri": "spotify:user:jebpmtc7essyoq2mi21mai4yj"
    },
    "primary_color": null,
    "public": true,
    "snapshot_id": "AAAAG1K5r4kj3VASzqapsmw3bBqYAnPE",
    "tracks": {
        "href": "https://api.spotify.com/v1/playlists/1yqQkilG1C37BbwhkNb5wk/tracks?offset=0&limit=0",
        "items": [
            
        ],
        "limit": 0,
        "next": null,
        "offset": 0,
        "previous": null,
        "total": 0
    },
    "type": "playlist",
    "uri": "spotify:playlist:1yqQkilG1C37BbwhkNb5wk"
}
HTTP/1.1 200 OK
cache-control: private, max-age=0
x-robots-tag: noindex, nofollow
access-control-allow-origin: *
access-control-allow-headers: Accept, App-Platform, Authorization, Content-Type, Origin, Retry-After, Spotify-App-Version, X-Cloud-Trace-Context, client-token, content-access-token
access-control-allow-methods: GET, POST, OPTIONS, PUT, DELETE, PATCH
access-control-allow-credentials: true
access-control-max-age: 604800
Content-Length: 0
strict-transport-security: max-age=31536000
x-content-type-options: nosniff
alt-svc: h3=":443"; ma=2592000,h3-29=":443"; ma=2592000
date: Wed, 30 Jul 2025 01:27:18 GMT
server: envoy
Via: HTTP/2 edgeproxy, 1.1 google
Alt-Svc: h3=":443"; ma=2592000,h3-29=":443"; ma=2592000
]]></system-out>
  </testcase>
  <testcase name="shouldbeAbleToGetCreatePlaylist" classname="com.spotify.oauth2.tests.PlaylistTest" time="3.374">
    <system-out><![CDATA[HTTP/1.1 201 Created
content-type: application/json; charset=utf-8
cache-control: private, max-age=0
x-robots-tag: noindex, nofollow
access-control-allow-origin: *
access-control-allow-headers: Accept, App-Platform, Authorization, Content-Type, Origin, Retry-After, Spotify-App-Version, X-Cloud-Trace-Context, client-token, content-access-token
access-control-allow-methods: GET, POST, OPTIONS, PUT, DELETE, PATCH
access-control-allow-credentials: true
access-control-max-age: 604800
content-encoding: gzip
strict-transport-security: max-age=31536000
x-content-type-options: nosniff
alt-svc: h3=":443"; ma=2592000,h3-29=":443"; ma=2592000
date: Wed, 30 Jul 2025 01:27:18 GMT
server: envoy
Via: HTTP/2 edgeproxy, 1.1 google
Alt-Svc: h3=":443"; ma=2592000,h3-29=":443"; ma=2592000
Transfer-Encoding: chunked

{
    "collaborative": false,
    "description": "Description&K#_X+#9fZ#+gS&_.+#_&yD__&&&###Umfa##1#8&_#+&&H+#g",
    "external_urls": {
        "spotify": "https://open.spotify.com/playlist/5hbh3pPx7sfRHRpLcKflfW"
    },
    "followers": {
        "href": null,
        "total": 0
    },
    "href": "https://api.spotify.com/v1/playlists/5hbh3pPx7sfRHRpLcKflfW",
    "id": "5hbh3pPx7sfRHRpLcKflfW",
    "images": [
        
    ],
    "primary_color": null,
    "name": "Playlist NQQ--_f0-M2__- 9c3c",
    "type": "playlist",
    "uri": "spotify:playlist:5hbh3pPx7sfRHRpLcKflfW",
    "owner": {
        "href": "https://api.spotify.com/v1/users/jebpmtc7essyoq2mi21mai4yj",
        "id": "jebpmtc7essyoq2mi21mai4yj",
        "type": "user",
        "uri": "spotify:user:jebpmtc7essyoq2mi21mai4yj",
        "display_name": null,
        "external_urls": {
            "spotify": "https://open.spotify.com/user/jebpmtc7essyoq2mi21mai4yj"
        }
    },
    "public": false,
    "snapshot_id": "AAAAvz+guO0/yX5QPlIgI3L8hDMC5fDv",
    "tracks": {
        "limit": 100,
        "next": null,
        "offset": 0,
        "previous": null,
        "href": "https://api.spotify.com/v1/playlists/5hbh3pPx7sfRHRpLcKflfW/tracks",
        "total": 0,
        "items": [
            
        ]
    }
}
]]></system-out>
  </testcase>
  <testcase name="testShouldBeAbleToCreateAPIPlayList" classname="com.spotify.oauth2.tests.PlaylistTest" time="3.374"/>
</testsuite>